{"C:\\Users\\tunji\\Desktop\\webdev\\FullStackOpen\\part2\\notes\\src\\App.jsx": {"path":"C:\\Users\\tunji\\Desktop\\webdev\\FullStackOpen\\part2\\notes\\src\\App.jsx","statementMap":{"0":{"start":{"line":10,"column":21},"end":{"line":20,"column":1}},"1":{"start":{"line":11,"column":2},"end":{"line":13,"column":3}},"2":{"start":{"line":12,"column":4},"end":{"line":12,"column":15}},"3":{"start":{"line":15,"column":2},"end":{"line":19,"column":3}},"4":{"start":{"line":22,"column":15},"end":{"line":34,"column":1}},"5":{"start":{"line":23,"column":22},"end":{"line":27,"column":3}},"6":{"start":{"line":28,"column":2},"end":{"line":33,"column":3}},"7":{"start":{"line":36,"column":12},"end":{"line":169,"column":1}},"8":{"start":{"line":37,"column":28},"end":{"line":37,"column":40}},"9":{"start":{"line":38,"column":32},"end":{"line":38,"column":46}},"10":{"start":{"line":39,"column":42},"end":{"line":39,"column":56}},"11":{"start":{"line":40,"column":34},"end":{"line":40,"column":46}},"12":{"start":{"line":41,"column":34},"end":{"line":41,"column":46}},"13":{"start":{"line":42,"column":26},"end":{"line":42,"column":40}},"14":{"start":{"line":44,"column":2},"end":{"line":51,"column":9}},"15":{"start":{"line":45,"column":4},"end":{"line":49,"column":4}},"16":{"start":{"line":48,"column":4},"end":{"line":48,"column":26}},"17":{"start":{"line":53,"column":2},"end":{"line":60,"column":8}},"18":{"start":{"line":54,"column":27},"end":{"line":54,"column":75}},"19":{"start":{"line":55,"column":4},"end":{"line":59,"column":5}},"20":{"start":{"line":56,"column":19},"end":{"line":56,"column":45}},"21":{"start":{"line":57,"column":6},"end":{"line":57,"column":19}},"22":{"start":{"line":58,"column":6},"end":{"line":58,"column":38}},"23":{"start":{"line":62,"column":22},"end":{"line":62,"column":78}},"24":{"start":{"line":62,"column":63},"end":{"line":62,"column":77}},"25":{"start":{"line":64,"column":29},"end":{"line":80,"column":3}},"26":{"start":{"line":65,"column":17},"end":{"line":65,"column":47}},"27":{"start":{"line":65,"column":35},"end":{"line":65,"column":46}},"28":{"start":{"line":66,"column":24},"end":{"line":66,"column":63}},"29":{"start":{"line":67,"column":4},"end":{"line":79,"column":8}},"30":{"start":{"line":69,"column":8},"end":{"line":69,"column":73}},"31":{"start":{"line":69,"column":35},"end":{"line":69,"column":71}},"32":{"start":{"line":72,"column":8},"end":{"line":74,"column":9}},"33":{"start":{"line":75,"column":8},"end":{"line":77,"column":16}},"34":{"start":{"line":76,"column":10},"end":{"line":76,"column":31}},"35":{"start":{"line":78,"column":8},"end":{"line":78,"column":48}},"36":{"start":{"line":78,"column":35},"end":{"line":78,"column":46}},"37":{"start":{"line":82,"column":18},"end":{"line":89,"column":3}},"38":{"start":{"line":83,"column":4},"end":{"line":83,"column":42}},"39":{"start":{"line":84,"column":4},"end":{"line":88,"column":8}},"40":{"start":{"line":87,"column":8},"end":{"line":87,"column":44}},"41":{"start":{"line":93,"column":22},"end":{"line":112,"column":3}},"42":{"start":{"line":94,"column":4},"end":{"line":94,"column":26}},"43":{"start":{"line":95,"column":4},"end":{"line":111,"column":5}},"44":{"start":{"line":96,"column":19},"end":{"line":98,"column":8}},"45":{"start":{"line":99,"column":6},"end":{"line":101,"column":7}},"46":{"start":{"line":102,"column":6},"end":{"line":102,"column":38}},"47":{"start":{"line":103,"column":6},"end":{"line":103,"column":19}},"48":{"start":{"line":104,"column":6},"end":{"line":104,"column":21}},"49":{"start":{"line":105,"column":6},"end":{"line":105,"column":21}},"50":{"start":{"line":107,"column":6},"end":{"line":107,"column":42}},"51":{"start":{"line":108,"column":6},"end":{"line":110,"column":14}},"52":{"start":{"line":109,"column":8},"end":{"line":109,"column":29}},"53":{"start":{"line":114,"column":20},"end":{"line":128,"column":3}},"54":{"start":{"line":115,"column":4},"end":{"line":125,"column":5}},"55":{"start":{"line":120,"column":48},"end":{"line":120,"column":73}},"56":{"start":{"line":121,"column":48},"end":{"line":121,"column":73}},"57":{"start":{"line":130,"column":22},"end":{"line":130,"column":30}},"58":{"start":{"line":131,"column":19},"end":{"line":135,"column":3}},"59":{"start":{"line":132,"column":4},"end":{"line":134,"column":16}},"60":{"start":{"line":138,"column":2},"end":{"line":168,"column":4}},"61":{"start":{"line":152,"column":31},"end":{"line":152,"column":51}},"62":{"start":{"line":158,"column":10},"end":{"line":162,"column":12}},"63":{"start":{"line":161,"column":36},"end":{"line":161,"column":63}}},"fnMap":{"0":{"name":"(anonymous_0)","decl":{"start":{"line":10,"column":21},"end":{"line":10,"column":22}},"loc":{"start":{"line":10,"column":38},"end":{"line":20,"column":1}},"line":10},"1":{"name":"(anonymous_1)","decl":{"start":{"line":22,"column":15},"end":{"line":22,"column":16}},"loc":{"start":{"line":22,"column":21},"end":{"line":34,"column":1}},"line":22},"2":{"name":"(anonymous_2)","decl":{"start":{"line":36,"column":12},"end":{"line":36,"column":13}},"loc":{"start":{"line":36,"column":18},"end":{"line":169,"column":1}},"line":36},"3":{"name":"(anonymous_3)","decl":{"start":{"line":44,"column":12},"end":{"line":44,"column":13}},"loc":{"start":{"line":44,"column":18},"end":{"line":51,"column":3}},"line":44},"4":{"name":"(anonymous_4)","decl":{"start":{"line":47,"column":10},"end":{"line":47,"column":11}},"loc":{"start":{"line":47,"column":26},"end":{"line":49,"column":3}},"line":47},"5":{"name":"(anonymous_5)","decl":{"start":{"line":53,"column":12},"end":{"line":53,"column":13}},"loc":{"start":{"line":53,"column":18},"end":{"line":60,"column":3}},"line":53},"6":{"name":"(anonymous_6)","decl":{"start":{"line":62,"column":53},"end":{"line":62,"column":54}},"loc":{"start":{"line":62,"column":63},"end":{"line":62,"column":77}},"line":62},"7":{"name":"(anonymous_7)","decl":{"start":{"line":64,"column":29},"end":{"line":64,"column":30}},"loc":{"start":{"line":64,"column":37},"end":{"line":80,"column":3}},"line":64},"8":{"name":"(anonymous_8)","decl":{"start":{"line":65,"column":28},"end":{"line":65,"column":29}},"loc":{"start":{"line":65,"column":35},"end":{"line":65,"column":46}},"line":65},"9":{"name":"(anonymous_9)","decl":{"start":{"line":68,"column":36},"end":{"line":68,"column":37}},"loc":{"start":{"line":68,"column":52},"end":{"line":70,"column":7}},"line":68},"10":{"name":"(anonymous_10)","decl":{"start":{"line":69,"column":27},"end":{"line":69,"column":28}},"loc":{"start":{"line":69,"column":35},"end":{"line":69,"column":71}},"line":69},"11":{"name":"(anonymous_11)","decl":{"start":{"line":71,"column":13},"end":{"line":71,"column":14}},"loc":{"start":{"line":71,"column":19},"end":{"line":79,"column":7}},"line":71},"12":{"name":"(anonymous_12)","decl":{"start":{"line":75,"column":19},"end":{"line":75,"column":20}},"loc":{"start":{"line":75,"column":25},"end":{"line":77,"column":9}},"line":75},"13":{"name":"(anonymous_13)","decl":{"start":{"line":78,"column":30},"end":{"line":78,"column":31}},"loc":{"start":{"line":78,"column":35},"end":{"line":78,"column":46}},"line":78},"14":{"name":"(anonymous_14)","decl":{"start":{"line":82,"column":18},"end":{"line":82,"column":19}},"loc":{"start":{"line":82,"column":34},"end":{"line":89,"column":3}},"line":82},"15":{"name":"(anonymous_15)","decl":{"start":{"line":86,"column":12},"end":{"line":86,"column":13}},"loc":{"start":{"line":86,"column":28},"end":{"line":88,"column":7}},"line":86},"16":{"name":"(anonymous_16)","decl":{"start":{"line":93,"column":22},"end":{"line":93,"column":23}},"loc":{"start":{"line":93,"column":39},"end":{"line":112,"column":3}},"line":93},"17":{"name":"(anonymous_17)","decl":{"start":{"line":108,"column":17},"end":{"line":108,"column":18}},"loc":{"start":{"line":108,"column":23},"end":{"line":110,"column":7}},"line":108},"18":{"name":"(anonymous_18)","decl":{"start":{"line":114,"column":20},"end":{"line":114,"column":21}},"loc":{"start":{"line":114,"column":26},"end":{"line":128,"column":3}},"line":114},"19":{"name":"(anonymous_19)","decl":{"start":{"line":120,"column":32},"end":{"line":120,"column":33}},"loc":{"start":{"line":120,"column":48},"end":{"line":120,"column":73}},"line":120},"20":{"name":"(anonymous_20)","decl":{"start":{"line":121,"column":32},"end":{"line":121,"column":33}},"loc":{"start":{"line":121,"column":48},"end":{"line":121,"column":73}},"line":121},"21":{"name":"(anonymous_21)","decl":{"start":{"line":131,"column":19},"end":{"line":131,"column":20}},"loc":{"start":{"line":132,"column":4},"end":{"line":134,"column":16}},"line":132},"22":{"name":"(anonymous_22)","decl":{"start":{"line":152,"column":25},"end":{"line":152,"column":26}},"loc":{"start":{"line":152,"column":31},"end":{"line":152,"column":51}},"line":152},"23":{"name":"(anonymous_23)","decl":{"start":{"line":157,"column":25},"end":{"line":157,"column":26}},"loc":{"start":{"line":158,"column":10},"end":{"line":162,"column":12}},"line":158},"24":{"name":"(anonymous_24)","decl":{"start":{"line":161,"column":30},"end":{"line":161,"column":31}},"loc":{"start":{"line":161,"column":36},"end":{"line":161,"column":63}},"line":161}},"branchMap":{"0":{"loc":{"start":{"line":11,"column":2},"end":{"line":13,"column":3}},"type":"if","locations":[{"start":{"line":11,"column":2},"end":{"line":13,"column":3}},{"start":{},"end":{}}],"line":11},"1":{"loc":{"start":{"line":55,"column":4},"end":{"line":59,"column":5}},"type":"if","locations":[{"start":{"line":55,"column":4},"end":{"line":59,"column":5}},{"start":{},"end":{}}],"line":55},"2":{"loc":{"start":{"line":62,"column":22},"end":{"line":62,"column":78}},"type":"cond-expr","locations":[{"start":{"line":62,"column":32},"end":{"line":62,"column":37}},{"start":{"line":62,"column":40},"end":{"line":62,"column":78}}],"line":62},"3":{"loc":{"start":{"line":69,"column":35},"end":{"line":69,"column":71}},"type":"cond-expr","locations":[{"start":{"line":69,"column":52},"end":{"line":69,"column":56}},{"start":{"line":69,"column":59},"end":{"line":69,"column":71}}],"line":69},"4":{"loc":{"start":{"line":144,"column":7},"end":{"line":144,"column":27}},"type":"binary-expr","locations":[{"start":{"line":144,"column":7},"end":{"line":144,"column":12}},{"start":{"line":144,"column":16},"end":{"line":144,"column":27}}],"line":144},"5":{"loc":{"start":{"line":145,"column":7},"end":{"line":148,"column":14}},"type":"binary-expr","locations":[{"start":{"line":145,"column":7},"end":{"line":145,"column":11}},{"start":{"line":145,"column":15},"end":{"line":148,"column":14}}],"line":145},"6":{"loc":{"start":{"line":153,"column":16},"end":{"line":153,"column":45}},"type":"cond-expr","locations":[{"start":{"line":153,"column":26},"end":{"line":153,"column":37}},{"start":{"line":153,"column":40},"end":{"line":153,"column":45}}],"line":153}},"s":{"0":0,"1":0,"2":0,"3":0,"4":0,"5":0,"6":0,"7":0,"8":0,"9":0,"10":0,"11":0,"12":0,"13":0,"14":0,"15":0,"16":0,"17":0,"18":0,"19":0,"20":0,"21":0,"22":0,"23":0,"24":0,"25":0,"26":0,"27":0,"28":0,"29":0,"30":0,"31":0,"32":0,"33":0,"34":0,"35":0,"36":0,"37":0,"38":0,"39":0,"40":0,"41":0,"42":0,"43":0,"44":0,"45":0,"46":0,"47":0,"48":0,"49":0,"50":0,"51":0,"52":0,"53":0,"54":0,"55":0,"56":0,"57":0,"58":0,"59":0,"60":0,"61":0,"62":0,"63":0},"f":{"0":0,"1":0,"2":0,"3":0,"4":0,"5":0,"6":0,"7":0,"8":0,"9":0,"10":0,"11":0,"12":0,"13":0,"14":0,"15":0,"16":0,"17":0,"18":0,"19":0,"20":0,"21":0,"22":0,"23":0,"24":0},"b":{"0":[0,0],"1":[0,0],"2":[0,0],"3":[0,0],"4":[0,0],"5":[0,0],"6":[0,0]}}
,"C:\\Users\\tunji\\Desktop\\webdev\\FullStackOpen\\part2\\notes\\src\\main.jsx": {"path":"C:\\Users\\tunji\\Desktop\\webdev\\FullStackOpen\\part2\\notes\\src\\main.jsx","statementMap":{"0":{"start":{"line":6,"column":0},"end":{"line":6,"column":69}}},"fnMap":{},"branchMap":{},"s":{"0":0},"f":{},"b":{}}
,"C:\\Users\\tunji\\Desktop\\webdev\\FullStackOpen\\part2\\notes\\src\\components\\LoginForm.jsx": {"path":"C:\\Users\\tunji\\Desktop\\webdev\\FullStackOpen\\part2\\notes\\src\\components\\LoginForm.jsx","statementMap":{"0":{"start":{"line":3,"column":18},"end":{"line":27,"column":1}},"1":{"start":{"line":10,"column":2},"end":{"line":26,"column":3}},"2":{"start":{"line":28,"column":0},"end":{"line":34,"column":1}}},"fnMap":{"0":{"name":"(anonymous_0)","decl":{"start":{"line":3,"column":18},"end":{"line":3,"column":19}},"loc":{"start":{"line":9,"column":6},"end":{"line":27,"column":1}},"line":9}},"branchMap":{},"s":{"0":0,"1":0,"2":0},"f":{"0":0},"b":{}}
,"C:\\Users\\tunji\\Desktop\\webdev\\FullStackOpen\\part2\\notes\\src\\components\\Note.jsx": {"path":"C:\\Users\\tunji\\Desktop\\webdev\\FullStackOpen\\part2\\notes\\src\\components\\Note.jsx","statementMap":{"0":{"start":{"line":1,"column":13},"end":{"line":11,"column":1}},"1":{"start":{"line":2,"column":16},"end":{"line":4,"column":22}},"2":{"start":{"line":5,"column":2},"end":{"line":10,"column":3}}},"fnMap":{"0":{"name":"(anonymous_0)","decl":{"start":{"line":1,"column":13},"end":{"line":1,"column":14}},"loc":{"start":{"line":1,"column":45},"end":{"line":11,"column":1}},"line":1}},"branchMap":{"0":{"loc":{"start":{"line":2,"column":16},"end":{"line":4,"column":22}},"type":"cond-expr","locations":[{"start":{"line":3,"column":6},"end":{"line":3,"column":26}},{"start":{"line":4,"column":6},"end":{"line":4,"column":22}}],"line":2}},"s":{"0":1,"1":3,"2":3},"f":{"0":3},"b":{"0":[3,0]},"_coverageSchema":"1a1c01bbd47fc00a2c39e90264f33305004495a9","hash":"2cac43a49d145db3bc264df61fd948ba4ab9ea6a"}
,"C:\\Users\\tunji\\Desktop\\webdev\\FullStackOpen\\part2\\notes\\src\\components\\NoteForm.jsx": {"path":"C:\\Users\\tunji\\Desktop\\webdev\\FullStackOpen\\part2\\notes\\src\\components\\NoteForm.jsx","statementMap":{"0":{"start":{"line":3,"column":17},"end":{"line":33,"column":1}},"1":{"start":{"line":4,"column":32},"end":{"line":4,"column":44}},"2":{"start":{"line":6,"column":23},"end":{"line":8,"column":3}},"3":{"start":{"line":7,"column":4},"end":{"line":7,"column":34}},"4":{"start":{"line":10,"column":18},"end":{"line":18,"column":3}},"5":{"start":{"line":11,"column":4},"end":{"line":11,"column":26}},"6":{"start":{"line":12,"column":4},"end":{"line":15,"column":6}},"7":{"start":{"line":17,"column":4},"end":{"line":17,"column":18}},"8":{"start":{"line":20,"column":2},"end":{"line":32,"column":3}}},"fnMap":{"0":{"name":"(anonymous_0)","decl":{"start":{"line":3,"column":17},"end":{"line":3,"column":18}},"loc":{"start":{"line":3,"column":37},"end":{"line":33,"column":1}},"line":3},"1":{"name":"(anonymous_1)","decl":{"start":{"line":6,"column":23},"end":{"line":6,"column":24}},"loc":{"start":{"line":6,"column":34},"end":{"line":8,"column":3}},"line":6},"2":{"name":"(anonymous_2)","decl":{"start":{"line":10,"column":18},"end":{"line":10,"column":19}},"loc":{"start":{"line":10,"column":29},"end":{"line":18,"column":3}},"line":10}},"branchMap":{},"s":{"0":1,"1":19,"2":19,"3":17,"4":19,"5":1,"6":1,"7":1,"8":19},"f":{"0":19,"1":17,"2":1},"b":{},"_coverageSchema":"1a1c01bbd47fc00a2c39e90264f33305004495a9","hash":"4e5614b026d7f51d66e7f7f278582d91a1cee98b"}
,"C:\\Users\\tunji\\Desktop\\webdev\\FullStackOpen\\part2\\notes\\src\\components\\Togglable.jsx": {"path":"C:\\Users\\tunji\\Desktop\\webdev\\FullStackOpen\\part2\\notes\\src\\components\\Togglable.jsx","statementMap":{"0":{"start":{"line":4,"column":18},"end":{"line":33,"column":2}},"1":{"start":{"line":5,"column":32},"end":{"line":5,"column":47}},"2":{"start":{"line":7,"column":26},"end":{"line":7,"column":60}},"3":{"start":{"line":8,"column":26},"end":{"line":8,"column":60}},"4":{"start":{"line":10,"column":27},"end":{"line":12,"column":3}},"5":{"start":{"line":11,"column":4},"end":{"line":11,"column":24}},"6":{"start":{"line":15,"column":2},"end":{"line":19,"column":4}},"7":{"start":{"line":16,"column":4},"end":{"line":18,"column":5}},"8":{"start":{"line":21,"column":2},"end":{"line":31,"column":3}},"9":{"start":{"line":34,"column":0},"end":{"line":34,"column":35}},"10":{"start":{"line":35,"column":0},"end":{"line":37,"column":1}}},"fnMap":{"0":{"name":"(anonymous_0)","decl":{"start":{"line":4,"column":29},"end":{"line":4,"column":30}},"loc":{"start":{"line":4,"column":45},"end":{"line":33,"column":1}},"line":4},"1":{"name":"(anonymous_1)","decl":{"start":{"line":10,"column":27},"end":{"line":10,"column":28}},"loc":{"start":{"line":10,"column":33},"end":{"line":12,"column":3}},"line":10},"2":{"name":"(anonymous_2)","decl":{"start":{"line":15,"column":27},"end":{"line":15,"column":28}},"loc":{"start":{"line":15,"column":33},"end":{"line":19,"column":3}},"line":15}},"branchMap":{"0":{"loc":{"start":{"line":7,"column":37},"end":{"line":7,"column":58}},"type":"cond-expr","locations":[{"start":{"line":7,"column":47},"end":{"line":7,"column":53}},{"start":{"line":7,"column":56},"end":{"line":7,"column":58}}],"line":7},"1":{"loc":{"start":{"line":8,"column":37},"end":{"line":8,"column":58}},"type":"cond-expr","locations":[{"start":{"line":8,"column":47},"end":{"line":8,"column":49}},{"start":{"line":8,"column":52},"end":{"line":8,"column":58}}],"line":8}},"s":{"0":1,"1":4,"2":4,"3":4,"4":4,"5":1,"6":4,"7":0,"8":4,"9":1,"10":1},"f":{"0":4,"1":1,"2":0},"b":{"0":[1,3],"1":[1,3]},"_coverageSchema":"1a1c01bbd47fc00a2c39e90264f33305004495a9","hash":"896457a97e673871df74349b8cf26c51daa9ebf0"}
,"C:\\Users\\tunji\\Desktop\\webdev\\FullStackOpen\\part2\\notes\\src\\services\\login.js": {"path":"C:\\Users\\tunji\\Desktop\\webdev\\FullStackOpen\\part2\\notes\\src\\services\\login.js","statementMap":{"0":{"start":{"line":2,"column":16},"end":{"line":2,"column":28}},"1":{"start":{"line":5,"column":14},"end":{"line":9,"column":1}},"2":{"start":{"line":6,"column":21},"end":{"line":6,"column":59}},"3":{"start":{"line":7,"column":4},"end":{"line":7,"column":24}}},"fnMap":{"0":{"name":"(anonymous_0)","decl":{"start":{"line":5,"column":14},"end":{"line":5,"column":15}},"loc":{"start":{"line":5,"column":35},"end":{"line":9,"column":1}},"line":5}},"branchMap":{},"s":{"0":0,"1":0,"2":0,"3":0},"f":{"0":0},"b":{}}
,"C:\\Users\\tunji\\Desktop\\webdev\\FullStackOpen\\part2\\notes\\src\\services\\notes.js": {"path":"C:\\Users\\tunji\\Desktop\\webdev\\FullStackOpen\\part2\\notes\\src\\services\\notes.js","statementMap":{"0":{"start":{"line":2,"column":16},"end":{"line":2,"column":27}},"1":{"start":{"line":4,"column":12},"end":{"line":4,"column":16}},"2":{"start":{"line":5,"column":17},"end":{"line":7,"column":1}},"3":{"start":{"line":6,"column":2},"end":{"line":6,"column":30}},"4":{"start":{"line":9,"column":15},"end":{"line":14,"column":3}},"5":{"start":{"line":10,"column":20},"end":{"line":10,"column":38}},"6":{"start":{"line":11,"column":4},"end":{"line":13,"column":6}},"7":{"start":{"line":12,"column":6},"end":{"line":12,"column":26}},"8":{"start":{"line":16,"column":15},"end":{"line":22,"column":1}},"9":{"start":{"line":17,"column":17},"end":{"line":19,"column":3}},"10":{"start":{"line":20,"column":19},"end":{"line":20,"column":63}},"11":{"start":{"line":21,"column":2},"end":{"line":21,"column":22}},"12":{"start":{"line":24,"column":15},"end":{"line":27,"column":1}},"13":{"start":{"line":25,"column":18},"end":{"line":25,"column":58}},"14":{"start":{"line":26,"column":2},"end":{"line":26,"column":48}},"15":{"start":{"line":26,"column":34},"end":{"line":26,"column":47}}},"fnMap":{"0":{"name":"(anonymous_0)","decl":{"start":{"line":5,"column":17},"end":{"line":5,"column":18}},"loc":{"start":{"line":5,"column":29},"end":{"line":7,"column":1}},"line":5},"1":{"name":"(anonymous_1)","decl":{"start":{"line":9,"column":15},"end":{"line":9,"column":16}},"loc":{"start":{"line":9,"column":21},"end":{"line":14,"column":3}},"line":9},"2":{"name":"(anonymous_2)","decl":{"start":{"line":11,"column":24},"end":{"line":11,"column":25}},"loc":{"start":{"line":11,"column":36},"end":{"line":13,"column":5}},"line":11},"3":{"name":"(anonymous_3)","decl":{"start":{"line":16,"column":15},"end":{"line":16,"column":16}},"loc":{"start":{"line":16,"column":34},"end":{"line":22,"column":1}},"line":16},"4":{"name":"(anonymous_4)","decl":{"start":{"line":24,"column":15},"end":{"line":24,"column":16}},"loc":{"start":{"line":24,"column":34},"end":{"line":27,"column":1}},"line":24},"5":{"name":"(anonymous_5)","decl":{"start":{"line":26,"column":22},"end":{"line":26,"column":23}},"loc":{"start":{"line":26,"column":34},"end":{"line":26,"column":47}},"line":26}},"branchMap":{},"s":{"0":0,"1":0,"2":0,"3":0,"4":0,"5":0,"6":0,"7":0,"8":0,"9":0,"10":0,"11":0,"12":0,"13":0,"14":0,"15":0},"f":{"0":0,"1":0,"2":0,"3":0,"4":0,"5":0},"b":{}}
}
